<?xml version="1.0" encoding="UTF-8"?>
<!-- Generated by org.testng.reporters.JUnitReportReporter -->
<testsuite skipped="0" hostname="197nodnbrajansardana" name="pageObjects.kqw" tests="1" failures="0" timestamp="31 Aug 2018 11:10:02 GMT" time="9.977" errors="0">
  <testcase name="testSiblingAndParentInXpath" time="9.977" classname="pageObjects.kqw"/>
</testsuite> <!-- pageObjects.kqw -->
