<?xml version="1.0" encoding="UTF-8"?>
<!-- Generated by org.testng.reporters.JUnitReportReporter -->
<testsuite skipped="0" hostname="197nodnbrajansardana" name="Test.CommonMethods" tests="2" failures="0" timestamp="06 Jun 2018 12:55:33 GMT" time="3.010" errors="0">
  <testcase name="openPaytm" time="2.886" classname="Test.CommonMethods"/>
  <testcase name="maximize" time="0.124" classname="Test.CommonMethods"/>
</testsuite> <!-- Test.CommonMethods -->
