<?xml version="1.0" encoding="UTF-8"?>
<!-- Generated by org.testng.reporters.JUnitReportReporter -->
<testsuite skipped="0" hostname="197nodnbrajansardana" name="Test.HomePageTest" tests="1" failures="0" timestamp="06 Jun 2018 18:48:47 GMT" time="5.010" errors="0">
  <testcase name="verifySearch" time="5.010" classname="Test.HomePageTest"/>
</testsuite> <!-- Test.HomePageTest -->
