<?xml version="1.0" encoding="UTF-8"?>
<!-- Generated by org.testng.reporters.JUnitReportReporter -->
<testsuite skipped="0" hostname="197nodnbrajansardana" name="Tests.HomePageTest" tests="1" failures="0" timestamp="06 Jun 2018 10:16:12 GMT" time="5.589" errors="0">
  <testcase name="openApplication" time="5.589" classname="Tests.HomePageTest"/>
</testsuite> <!-- Tests.HomePageTest -->
