<?xml version="1.0" encoding="UTF-8"?>
<!-- Generated by org.testng.reporters.JUnitReportReporter -->
<testsuite skipped="0" hostname="197nodnbrajansardana" name="Test.OpenApplicationTest" tests="1" failures="0" timestamp="06 Jun 2018 11:47:30 GMT" time="9.015" errors="0">
  <testcase name="openPaytm" time="9.015" classname="Test.OpenApplicationTest"/>
</testsuite> <!-- Test.OpenApplicationTest -->
